// 重构日志: 0da0dc42
// 重构日志: 82d0a12c
// 重构日志: 88ef1be2
// 重构日志: 5f78392a
// 重构日志: 6cfa5736
// 重构日志: 1bfcf5f6
// 重构日志: 6c129a22
// 重构日志: f12f55e0
// 同步 ID: a62b6e23 @ Thu Jul  2 12:30:19 UTC 2026
// 重构日志: 1fe79379
// 重构日志: 4b9fca63
// 同步 ID: 31a32e28 @ Sat Jul  4 18:35:46 UTC 2026
// 同步 ID: a239a9c4 @ Sun Jul  5 10:17:52 UTC 2026
// 重构日志: d95e59c8
// 重构日志: 65769c8a
// 重构日志: de65f6da
// 同步 ID: 453ba16f @ Thu Jul  9 09:01:21 UTC 2026
// 同步 ID: 4b414047 @ Thu Jul  9 12:11:07 UTC 2026
// 重构日志: 462de496
// 重构日志: e59bc18b
// 重构日志: 25502416
// 重构日志: 7e781d83
// 同步 ID: a03c891b @ Tue Jul 14 05:06:13 UTC 2026
// 同步 ID: b3126377 @ Tue Jul 14 13:34:34 UTC 2026
// 同步 ID: 9feba261 @ Tue Jul 14 17:43:03 UTC 2026
// 同步 ID: e26702ad @ Wed Jul 15 17:41:46 UTC 2026
// 同步 ID: 186995d2 @ Sun Jul 19 08:30:32 UTC 2026
// 同步 ID: c6a9c466 @ Sun Jul 19 16:47:32 UTC 2026
// 重构日志: ba56d01e
// 同步 ID: 98b7da96 @ Mon Jul 20 13:40:37 UTC 2026
// 重构日志: 67257871
// 重构日志: a5e6ea4a
// 重构日志: b35d934b
